<?xml version="1.0" encoding="UTF-8"?>
<!-- Generated by org.testng.reporters.JUnitReportReporter -->
<testsuite hostname="Hp" failures="0" tests="4" name="tests.SortingTest" time="22.687" errors="0" timestamp="2025-09-04T14:54:40 IST" skipped="0">
  <testcase classname="tests.SortingTest" name="verifySortByNameDescending" time="5.694"/>
  <testcase classname="tests.SortingTest" name="verifySortByPriceHighToLow" time="5.680"/>
  <testcase classname="tests.SortingTest" name="verifySortByPriceLowToHigh" time="5.660"/>
  <testcase classname="tests.SortingTest" name="verifySortByNameAscending" time="5.653"/>
</testsuite> <!-- tests.SortingTest -->
