<?xml version="1.0" encoding="UTF-8"?>
<!-- Generated by org.testng.reporters.JUnitReportReporter -->
<testsuite hostname="Hp" failures="0" tests="1" name="tests.LogoutTest" time="2.473" errors="0" timestamp="2025-08-30T11:48:51 IST" skipped="0">
  <testcase classname="tests.LogoutTest" name="testLogout" time="2.473"/>
</testsuite> <!-- tests.LogoutTest -->
