<?xml version="1.0" encoding="UTF-8"?>
<!-- Generated by org.testng.reporters.JUnitReportReporter -->
<testsuite hostname="Hp" failures="0" tests="2" name="testcases.MenuOptionsTest" time="16.679" errors="0" timestamp="2025-09-07T06:47:36 IST" skipped="0">
  <testcase classname="testcases.MenuOptionsTest" name="verifyAboutLink" time="10.911"/>
  <testcase classname="testcases.MenuOptionsTest" name="verifyResetAppState" time="5.768"/>
</testsuite> <!-- testcases.MenuOptionsTest -->
