<?xml version="1.0" encoding="UTF-8"?>
<!-- Generated by org.testng.reporters.JUnitReportReporter -->
<testsuite hostname="Hp" failures="0" tests="2" name="testcases.MenuOptionsTest" time="12.747" errors="0" timestamp="2025-09-06T16:16:46 IST" skipped="0">
  <testcase classname="testcases.MenuOptionsTest" name="verifyAboutLink" time="8.092"/>
  <testcase classname="testcases.MenuOptionsTest" name="verifyResetAppState" time="4.655"/>
</testsuite> <!-- testcases.MenuOptionsTest -->
