<?xml version="1.0" encoding="UTF-8"?>
<!-- Generated by org.testng.reporters.JUnitReportReporter -->
<testsuite hostname="Hp" failures="0" tests="1" name="tests.CartTest" time="8.941" errors="0" timestamp="2025-09-01T11:50:53 IST" skipped="0">
  <testcase classname="tests.CartTest" name="testAddAndRemoveFromCart" time="8.941"/>
</testsuite> <!-- tests.CartTest -->
