<?xml version="1.0" encoding="UTF-8"?>
<!-- Generated by org.testng.reporters.JUnitReportReporter -->
<testsuite hostname="Hp" failures="0" tests="2" name="tests.MenuOptionsTest" time="13.940" errors="0" timestamp="2025-09-04T14:54:40 IST" skipped="0">
  <testcase classname="tests.MenuOptionsTest" name="verifyResetAppState" time="4.624"/>
  <testcase classname="tests.MenuOptionsTest" name="verifyAboutLink" time="9.316"/>
</testsuite> <!-- tests.MenuOptionsTest -->
