<?xml version="1.0" encoding="UTF-8"?>
<!-- Generated by org.testng.reporters.JUnitReportReporter -->
<testsuite hostname="Hp" failures="0" tests="1" name="tests.LogoutTest" time="3.202" errors="0" timestamp="2025-08-29T12:16:54 IST" skipped="0">
  <testcase classname="tests.LogoutTest" name="testLogout" time="3.202"/>
</testsuite> <!-- tests.LogoutTest -->
