<?xml version="1.0" encoding="UTF-8"?>
<!-- Generated by org.testng.reporters.JUnitReportReporter -->
<testsuite hostname="Hp" failures="0" tests="11" name="tests.LoginTest" time="33.651" errors="0" timestamp="2025-09-01T11:50:53 IST" skipped="0">
  <testcase classname="tests.LoginTest" name="testLogin" time="2.518"/>
  <testcase classname="tests.LoginTest" name="testLogin" time="2.544"/>
  <testcase classname="tests.LoginTest" name="testLogin" time="2.617"/>
  <testcase classname="tests.LoginTest" name="testLogin" time="2.574"/>
  <testcase classname="tests.LoginTest" name="testLogin" time="2.573"/>
  <testcase classname="tests.LoginTest" name="testLogin" time="7.599"/>
  <testcase classname="tests.LoginTest" name="testLogin" time="2.626"/>
  <testcase classname="tests.LoginTest" name="testLogin" time="2.560"/>
  <testcase classname="tests.LoginTest" name="testLogin" time="2.814"/>
  <testcase classname="tests.LoginTest" name="testLogin" time="2.664"/>
  <testcase classname="tests.LoginTest" name="testLogin" time="2.562"/>
</testsuite> <!-- tests.LoginTest -->
