<?xml version="1.0" encoding="UTF-8"?>
<!-- Generated by org.testng.reporters.JUnitReportReporter -->
<testsuite hostname="Hp" failures="0" tests="1" name="testcases.LogoutTest" time="4.748" errors="0" timestamp="2025-09-06T16:16:46 IST" skipped="0">
  <testcase classname="testcases.LogoutTest" name="testLogout" time="4.748"/>
</testsuite> <!-- testcases.LogoutTest -->
