<?xml version="1.0" encoding="UTF-8"?>
<!-- Generated by org.testng.reporters.JUnitReportReporter -->
<testsuite hostname="Hp" failures="0" tests="1" name="testcases.LogoutTest" time="5.383" errors="0" timestamp="2025-09-07T06:47:36 IST" skipped="0">
  <testcase classname="testcases.LogoutTest" name="testLogout" time="5.383"/>
</testsuite> <!-- testcases.LogoutTest -->
