<?xml version="1.0" encoding="UTF-8"?>
<!-- Generated by org.testng.reporters.JUnitReportReporter -->
<testsuite hostname="Hp" failures="0" tests="4" name="testcases.SortingTest" time="22.446" errors="0" timestamp="2025-09-08T07:15:38 IST" skipped="0">
  <testcase classname="testcases.SortingTest" name="verifySortByPriceHighToLow" time="5.572"/>
  <testcase classname="testcases.SortingTest" name="verifySortByPriceLowToHigh" time="5.667"/>
  <testcase classname="testcases.SortingTest" name="verifySortByNameAscending" time="5.621"/>
  <testcase classname="testcases.SortingTest" name="verifySortByNameDescending" time="5.586"/>
</testsuite> <!-- testcases.SortingTest -->
