<?xml version="1.0" encoding="UTF-8"?>
<!-- Generated by org.testng.reporters.JUnitReportReporter -->
<testsuite hostname="Hp" failures="0" tests="5" name="runners.TestRunner" time="30.068" errors="0" timestamp="2025-09-08T07:15:38 IST" skipped="0">
  <testcase classname="runners.TestRunner" name="runScenario" time="6.272"/>
  <testcase classname="runners.TestRunner" name="runScenario" time="14.710"/>
  <testcase classname="runners.TestRunner" name="runScenario" time="4.799"/>
  <testcase classname="runners.TestRunner" name="runScenario" time="4.279"/>
  <testcase classname="runners.TestRunner" name="runScenario" time="0.008"/>
</testsuite> <!-- runners.TestRunner -->
