<?xml version="1.0" encoding="UTF-8"?>
<!-- Generated by org.testng.reporters.JUnitReportReporter -->
<testsuite hostname="Hp" failures="0" tests="2" name="testcases.MenuOptionsTest" time="12.472" errors="0" timestamp="2025-09-08T07:15:38 IST" skipped="0">
  <testcase classname="testcases.MenuOptionsTest" name="verifyResetAppState" time="4.463"/>
  <testcase classname="testcases.MenuOptionsTest" name="verifyAboutLink" time="8.009"/>
</testsuite> <!-- testcases.MenuOptionsTest -->
