<?xml version="1.0" encoding="UTF-8"?>
<!-- Generated by org.testng.reporters.JUnitReportReporter -->
<testsuite hostname="Hp" failures="0" tests="1" name="tests.AllItemsTest" time="2.870" errors="0" timestamp="2025-09-01T11:50:53 IST" skipped="0">
  <testcase classname="tests.AllItemsTest" name="verifyAllItemsClickable" time="2.870"/>
</testsuite> <!-- tests.AllItemsTest -->
