<?xml version="1.0" encoding="UTF-8"?>
<!-- Generated by org.testng.reporters.JUnitReportReporter -->
<testsuite hostname="Hp" failures="0" tests="1" name="testcases.CartTest" time="9.739" errors="0" timestamp="2025-09-06T16:49:04 IST" skipped="0">
  <testcase classname="testcases.CartTest" name="testAddAndRemoveFromCart" time="9.739"/>
</testsuite> <!-- testcases.CartTest -->
