<?xml version="1.0" encoding="UTF-8"?>
<!-- Generated by org.testng.reporters.JUnitReportReporter -->
<testsuite hostname="Hp" failures="0" tests="1" name="tests.CartTest" time="8.001" errors="0" timestamp="2025-08-30T11:48:51 IST" skipped="0">
  <testcase classname="tests.CartTest" name="testAddAndRemoveFromCart" time="8.001"/>
</testsuite> <!-- tests.CartTest -->
