<?xml version="1.0" encoding="UTF-8"?>
<!-- Generated by org.testng.reporters.JUnitReportReporter -->
<testsuite hostname="Hp" failures="0" tests="11" name="testcases.LoginTest" time="54.670" errors="0" timestamp="2025-09-06T10:29:13 IST" skipped="0">
  <testcase classname="testcases.LoginTest" name="testEmptyUsernameAndPassword" time="4.548"/>
  <testcase classname="testcases.LoginTest" name="testVisualUser" time="4.122"/>
  <testcase classname="testcases.LoginTest" name="testErrorUser" time="4.418"/>
  <testcase classname="testcases.LoginTest" name="testInvalidPassword" time="3.899"/>
  <testcase classname="testcases.LoginTest" name="testInvalidUsername" time="4.611"/>
  <testcase classname="testcases.LoginTest" name="testValidLogin" time="6.371"/>
  <testcase classname="testcases.LoginTest" name="testEmptyUsername" time="4.335"/>
  <testcase classname="testcases.LoginTest" name="testPerformanceGlitchUser" time="9.406"/>
  <testcase classname="testcases.LoginTest" name="testProblemUser" time="3.935"/>
  <testcase classname="testcases.LoginTest" name="testLockedOutUser" time="4.597"/>
  <testcase classname="testcases.LoginTest" name="testEmptyPassword" time="4.428"/>
</testsuite> <!-- testcases.LoginTest -->
