<?xml version="1.0" encoding="UTF-8"?>
<!-- Generated by org.testng.reporters.JUnitReportReporter -->
<testsuite hostname="Hp" failures="0" tests="1" name="tests.LogoutTest" time="4.948" errors="0" timestamp="2025-09-06T09:53:06 IST" skipped="0">
  <testcase classname="tests.LogoutTest" name="testLogout" time="4.948"/>
</testsuite> <!-- tests.LogoutTest -->
