<?xml version="1.0" encoding="UTF-8"?>
<!-- Generated by org.testng.reporters.JUnitReportReporter -->
<testsuite hostname="Hp" failures="0" tests="11" name="tests.LoginTest" time="44.155" errors="0" timestamp="2025-09-06T09:55:36 IST" skipped="0">
  <testcase classname="tests.LoginTest" name="testInvalidUsername" time="4.349"/>
  <testcase classname="tests.LoginTest" name="testValidLogin" time="3.412"/>
  <testcase classname="tests.LoginTest" name="testVisualUser" time="3.537"/>
  <testcase classname="tests.LoginTest" name="testPerformanceGlitchUser" time="8.442"/>
  <testcase classname="tests.LoginTest" name="testErrorUser" time="3.611"/>
  <testcase classname="tests.LoginTest" name="testEmptyUsername" time="3.408"/>
  <testcase classname="tests.LoginTest" name="testProblemUser" time="3.530"/>
  <testcase classname="tests.LoginTest" name="testEmptyPassword" time="3.477"/>
  <testcase classname="tests.LoginTest" name="testLockedOutUser" time="3.446"/>
  <testcase classname="tests.LoginTest" name="testInvalidPassword" time="3.576"/>
  <testcase classname="tests.LoginTest" name="testEmptyUsernameAndPassword" time="3.367"/>
</testsuite> <!-- tests.LoginTest -->
