<?xml version="1.0" encoding="UTF-8"?>
<!-- Generated by org.testng.reporters.JUnitReportReporter -->
<testsuite hostname="Hp" failures="0" tests="11" name="tests.LoginTest" time="50.341" errors="0" timestamp="2025-08-29T11:45:12 IST" skipped="0">
  <testcase classname="tests.LoginTest" name="testLogin" time="4.070"/>
  <testcase classname="tests.LoginTest" name="testLogin" time="3.943"/>
  <testcase classname="tests.LoginTest" name="testLogin" time="4.174"/>
  <testcase classname="tests.LoginTest" name="testLogin" time="4.309"/>
  <testcase classname="tests.LoginTest" name="testLogin" time="4.064"/>
  <testcase classname="tests.LoginTest" name="testLogin" time="4.015"/>
  <testcase classname="tests.LoginTest" name="testLogin" time="4.086"/>
  <testcase classname="tests.LoginTest" name="testLogin" time="4.587"/>
  <testcase classname="tests.LoginTest" name="testLogin" time="8.993"/>
  <testcase classname="tests.LoginTest" name="testLogin" time="3.986"/>
  <testcase classname="tests.LoginTest" name="testLogin" time="4.114"/>
</testsuite> <!-- tests.LoginTest -->
