<?xml version="1.0" encoding="UTF-8"?>
<!-- Generated by org.testng.reporters.JUnitReportReporter -->
<testsuite hostname="Hp" failures="0" tests="11" name="testcases.LoginTest" time="39.450" errors="0" timestamp="2025-09-08T07:15:38 IST" skipped="0">
  <testcase classname="testcases.LoginTest" name="testEmptyPassword" time="3.206"/>
  <testcase classname="testcases.LoginTest" name="testProblemUser" time="3.245"/>
  <testcase classname="testcases.LoginTest" name="testEmptyUsernameAndPassword" time="3.000"/>
  <testcase classname="testcases.LoginTest" name="testInvalidUsername" time="3.091"/>
  <testcase classname="testcases.LoginTest" name="testVisualUser" time="3.111"/>
  <testcase classname="testcases.LoginTest" name="testInvalidPassword" time="3.137"/>
  <testcase classname="testcases.LoginTest" name="testErrorUser" time="3.032"/>
  <testcase classname="testcases.LoginTest" name="testValidLogin" time="3.083"/>
  <testcase classname="testcases.LoginTest" name="testPerformanceGlitchUser" time="8.214"/>
  <testcase classname="testcases.LoginTest" name="testEmptyUsername" time="3.168"/>
  <testcase classname="testcases.LoginTest" name="testLockedOutUser" time="3.163"/>
</testsuite> <!-- testcases.LoginTest -->
