<?xml version="1.0" encoding="UTF-8"?>
<!-- Generated by org.testng.reporters.JUnitReportReporter -->
<testsuite hostname="Hp" failures="0" tests="1" name="testcases.AddToCartTest" time="15.168" errors="0" timestamp="2025-09-08T07:15:38 IST" skipped="0">
  <testcase classname="testcases.AddToCartTest" name="testAddToCart" time="15.168"/>
</testsuite> <!-- testcases.AddToCartTest -->
