<?xml version="1.0" encoding="UTF-8"?>
<!-- Generated by org.testng.reporters.JUnitReportReporter -->
<testsuite hostname="Hp" failures="0" tests="1" name="testcases.AllItemsTest" time="4.691" errors="0" timestamp="2025-09-08T07:15:38 IST" skipped="0">
  <testcase classname="testcases.AllItemsTest" name="verifyAllItemsClickable" time="4.691"/>
</testsuite> <!-- testcases.AllItemsTest -->
