<?xml version="1.0" encoding="UTF-8"?>
<!-- Generated by org.testng.reporters.JUnitReportReporter -->
<testsuite hostname="Hp" failures="0" tests="1" name="tests.AllItemsTest" time="3.216" errors="0" timestamp="2025-09-01T11:35:55 IST" skipped="0">
  <testcase classname="tests.AllItemsTest" name="verifyAllItemsClickable" time="3.216"/>
</testsuite> <!-- tests.AllItemsTest -->
