<?xml version="1.0" encoding="UTF-8"?>
<!-- Generated by org.testng.reporters.JUnitReportReporter -->
<testsuite hostname="Hp" failures="0" tests="1" name="testcases.CheckoutTest" time="5.178" errors="0" timestamp="2025-09-06T16:49:05 IST" skipped="0">
  <testcase classname="testcases.CheckoutTest" name="verifyCheckoutFlow" time="5.178"/>
</testsuite> <!-- testcases.CheckoutTest -->
