<?xml version="1.0" encoding="UTF-8"?>
<!-- Generated by org.testng.reporters.JUnitReportReporter -->
<testsuite hostname="Hp" failures="0" tests="11" name="tests.LoginTest" time="49.160" errors="0" timestamp="2025-08-30T11:48:51 IST" skipped="0">
  <testcase classname="tests.LoginTest" name="testLogin" time="3.935"/>
  <testcase classname="tests.LoginTest" name="testLogin" time="4.179"/>
  <testcase classname="tests.LoginTest" name="testLogin" time="3.861"/>
  <testcase classname="tests.LoginTest" name="testLogin" time="4.154"/>
  <testcase classname="tests.LoginTest" name="testLogin" time="3.854"/>
  <testcase classname="tests.LoginTest" name="testLogin" time="3.948"/>
  <testcase classname="tests.LoginTest" name="testLogin" time="9.354"/>
  <testcase classname="tests.LoginTest" name="testLogin" time="3.915"/>
  <testcase classname="tests.LoginTest" name="testLogin" time="3.952"/>
  <testcase classname="tests.LoginTest" name="testLogin" time="3.978"/>
  <testcase classname="tests.LoginTest" name="testLogin" time="4.030"/>
</testsuite> <!-- tests.LoginTest -->
