<?xml version="1.0" encoding="UTF-8"?>
<!-- Generated by org.testng.reporters.JUnitReportReporter -->
<testsuite hostname="Hp" failures="0" tests="1" name="tests.CheckoutTest" time="2.744" errors="0" timestamp="2025-09-01T11:50:53 IST" skipped="0">
  <testcase classname="tests.CheckoutTest" name="verifyCheckoutFlow" time="2.744"/>
</testsuite> <!-- tests.CheckoutTest -->
