<?xml version="1.0" encoding="UTF-8"?>
<!-- Generated by org.testng.reporters.JUnitReportReporter -->
<testsuite hostname="Hp" failures="0" tests="11" name="testcases.LoginTest" time="43.416" errors="0" timestamp="2025-09-06T16:16:46 IST" skipped="0">
  <testcase classname="testcases.LoginTest" name="testErrorUser" time="3.513"/>
  <testcase classname="testcases.LoginTest" name="testPerformanceGlitchUser" time="8.785"/>
  <testcase classname="testcases.LoginTest" name="testInvalidPassword" time="3.418"/>
  <testcase classname="testcases.LoginTest" name="testValidLogin" time="3.440"/>
  <testcase classname="testcases.LoginTest" name="testEmptyPassword" time="3.960"/>
  <testcase classname="testcases.LoginTest" name="testProblemUser" time="3.487"/>
  <testcase classname="testcases.LoginTest" name="testLockedOutUser" time="3.302"/>
  <testcase classname="testcases.LoginTest" name="testEmptyUsername" time="3.444"/>
  <testcase classname="testcases.LoginTest" name="testEmptyUsernameAndPassword" time="3.380"/>
  <testcase classname="testcases.LoginTest" name="testInvalidUsername" time="3.295"/>
  <testcase classname="testcases.LoginTest" name="testVisualUser" time="3.392"/>
</testsuite> <!-- testcases.LoginTest -->
