<?xml version="1.0" encoding="UTF-8"?>
<!-- Generated by org.testng.reporters.JUnitReportReporter -->
<testsuite hostname="Hp" failures="0" tests="2" name="tests.MenuOptionsTest" time="11.529" errors="0" timestamp="2025-09-01T11:35:55 IST" skipped="0">
  <testcase classname="tests.MenuOptionsTest" name="verifyResetAppState" time="3.743"/>
  <testcase classname="tests.MenuOptionsTest" name="verifyAboutLink" time="7.786"/>
</testsuite> <!-- tests.MenuOptionsTest -->
