<?xml version="1.0" encoding="UTF-8"?>
<!-- Generated by org.testng.reporters.JUnitReportReporter -->
<testsuite hostname="Hp" failures="0" tests="2" name="testcases.MenuOptionsTest" time="13.412" errors="0" timestamp="2025-09-06T16:49:04 IST" skipped="0">
  <testcase classname="testcases.MenuOptionsTest" name="verifyResetAppState" time="4.291"/>
  <testcase classname="testcases.MenuOptionsTest" name="verifyAboutLink" time="9.121"/>
</testsuite> <!-- testcases.MenuOptionsTest -->
