<?xml version="1.0" encoding="UTF-8"?>
<!-- Generated by org.testng.reporters.JUnitReportReporter -->
<testsuite hostname="Hp" failures="0" tests="11" name="tests.LoginTest" time="44.461" errors="0" timestamp="2025-09-04T14:54:40 IST" skipped="0">
  <testcase classname="tests.LoginTest" name="testLogin" time="3.317"/>
  <testcase classname="tests.LoginTest" name="testLogin" time="8.329"/>
  <testcase classname="tests.LoginTest" name="testLogin" time="3.674"/>
  <testcase classname="tests.LoginTest" name="testLogin" time="3.369"/>
  <testcase classname="tests.LoginTest" name="testLogin" time="3.012"/>
  <testcase classname="tests.LoginTest" name="testLogin" time="4.094"/>
  <testcase classname="tests.LoginTest" name="testLogin" time="4.596"/>
  <testcase classname="tests.LoginTest" name="testLogin" time="3.316"/>
  <testcase classname="tests.LoginTest" name="testLogin" time="3.856"/>
  <testcase classname="tests.LoginTest" name="testLogin" time="3.272"/>
  <testcase classname="tests.LoginTest" name="testLogin" time="3.626"/>
</testsuite> <!-- tests.LoginTest -->
