<?xml version="1.0" encoding="UTF-8"?>
<!-- Generated by org.testng.reporters.JUnitReportReporter -->
<testsuite hostname="Hp" failures="0" tests="4" name="tests.SortingTest" time="14.175" errors="0" timestamp="2025-09-01T11:35:55 IST" skipped="0">
  <testcase classname="tests.SortingTest" name="verifySortByPriceHighToLow" time="3.548"/>
  <testcase classname="tests.SortingTest" name="verifySortByPriceLowToHigh" time="3.477"/>
  <testcase classname="tests.SortingTest" name="verifySortByNameDescending" time="3.527"/>
  <testcase classname="tests.SortingTest" name="verifySortByNameAscending" time="3.623"/>
</testsuite> <!-- tests.SortingTest -->
