<?xml version="1.0" encoding="UTF-8"?>
<!-- Generated by org.testng.reporters.JUnitReportReporter -->
<testsuite hostname="Hp" failures="0" tests="4" name="testcases.SortingTest" time="26.150" errors="0" timestamp="2025-09-07T06:47:36 IST" skipped="0">
  <testcase classname="testcases.SortingTest" name="verifySortByPriceLowToHigh" time="6.277"/>
  <testcase classname="testcases.SortingTest" name="verifySortByNameDescending" time="6.424"/>
  <testcase classname="testcases.SortingTest" name="verifySortByPriceHighToLow" time="7.127"/>
  <testcase classname="testcases.SortingTest" name="verifySortByNameAscending" time="6.322"/>
</testsuite> <!-- testcases.SortingTest -->
