<?xml version="1.0" encoding="UTF-8"?>
<!-- Generated by org.testng.reporters.JUnitReportReporter -->
<testsuite hostname="Hp" failures="0" tests="2" name="tests.MenuOptionsTest" time="15.125" errors="0" timestamp="2025-09-06T09:53:06 IST" skipped="0">
  <testcase classname="tests.MenuOptionsTest" name="verifyResetAppState" time="5.019"/>
  <testcase classname="tests.MenuOptionsTest" name="verifyAboutLink" time="10.106"/>
</testsuite> <!-- tests.MenuOptionsTest -->
