<?xml version="1.0" encoding="UTF-8"?>
<!-- Generated by org.testng.reporters.JUnitReportReporter -->
<testsuite hostname="Hp" failures="0" tests="11" name="testcases.LoginTest" time="47.770" errors="0" timestamp="2025-09-07T06:47:36 IST" skipped="0">
  <testcase classname="testcases.LoginTest" name="testInvalidUsername" time="3.673"/>
  <testcase classname="testcases.LoginTest" name="testProblemUser" time="3.541"/>
  <testcase classname="testcases.LoginTest" name="testInvalidPassword" time="3.549"/>
  <testcase classname="testcases.LoginTest" name="testEmptyPassword" time="3.576"/>
  <testcase classname="testcases.LoginTest" name="testEmptyUsernameAndPassword" time="3.977"/>
  <testcase classname="testcases.LoginTest" name="testLockedOutUser" time="3.916"/>
  <testcase classname="testcases.LoginTest" name="testValidLogin" time="5.392"/>
  <testcase classname="testcases.LoginTest" name="testPerformanceGlitchUser" time="9.067"/>
  <testcase classname="testcases.LoginTest" name="testVisualUser" time="3.663"/>
  <testcase classname="testcases.LoginTest" name="testEmptyUsername" time="3.936"/>
  <testcase classname="testcases.LoginTest" name="testErrorUser" time="3.480"/>
</testsuite> <!-- testcases.LoginTest -->
