<?xml version="1.0" encoding="UTF-8"?>
<!-- Generated by org.testng.reporters.JUnitReportReporter -->
<testsuite hostname="Hp" failures="0" tests="11" name="testcases.LoginTest" time="36.627" errors="0" timestamp="2025-09-06T16:49:04 IST" skipped="0">
  <testcase classname="testcases.LoginTest" name="testVisualUser" time="2.895"/>
  <testcase classname="testcases.LoginTest" name="testEmptyUsername" time="2.815"/>
  <testcase classname="testcases.LoginTest" name="testInvalidPassword" time="2.887"/>
  <testcase classname="testcases.LoginTest" name="testValidLogin" time="3.051"/>
  <testcase classname="testcases.LoginTest" name="testProblemUser" time="2.988"/>
  <testcase classname="testcases.LoginTest" name="testErrorUser" time="2.807"/>
  <testcase classname="testcases.LoginTest" name="testLockedOutUser" time="2.794"/>
  <testcase classname="testcases.LoginTest" name="testPerformanceGlitchUser" time="7.860"/>
  <testcase classname="testcases.LoginTest" name="testEmptyUsernameAndPassword" time="2.751"/>
  <testcase classname="testcases.LoginTest" name="testEmptyPassword" time="2.750"/>
  <testcase classname="testcases.LoginTest" name="testInvalidUsername" time="3.029"/>
</testsuite> <!-- testcases.LoginTest -->
