<?xml version="1.0" encoding="UTF-8"?>
<!-- Generated by org.testng.reporters.JUnitReportReporter -->
<testsuite hostname="Hp" failures="0" tests="11" name="tests.LoginTest" time="51.059" errors="0" timestamp="2025-08-29T12:16:54 IST" skipped="0">
  <testcase classname="tests.LoginTest" name="testLogin" time="9.316"/>
  <testcase classname="tests.LoginTest" name="testLogin" time="4.094"/>
  <testcase classname="tests.LoginTest" name="testLogin" time="4.623"/>
  <testcase classname="tests.LoginTest" name="testLogin" time="4.887"/>
  <testcase classname="tests.LoginTest" name="testLogin" time="4.075"/>
  <testcase classname="tests.LoginTest" name="testLogin" time="4.058"/>
  <testcase classname="tests.LoginTest" name="testLogin" time="3.928"/>
  <testcase classname="tests.LoginTest" name="testLogin" time="3.945"/>
  <testcase classname="tests.LoginTest" name="testLogin" time="4.024"/>
  <testcase classname="tests.LoginTest" name="testLogin" time="4.044"/>
  <testcase classname="tests.LoginTest" name="testLogin" time="4.065"/>
</testsuite> <!-- tests.LoginTest -->
