<?xml version="1.0" encoding="UTF-8"?>
<!-- Generated by org.testng.reporters.JUnitReportReporter -->
<testsuite hostname="Hp" failures="0" tests="4" name="tests.SortingTest" time="15.089" errors="0" timestamp="2025-09-01T11:50:53 IST" skipped="0">
  <testcase classname="tests.SortingTest" name="verifySortByNameAscending" time="3.768"/>
  <testcase classname="tests.SortingTest" name="verifySortByNameDescending" time="3.700"/>
  <testcase classname="tests.SortingTest" name="verifySortByPriceLowToHigh" time="3.778"/>
  <testcase classname="tests.SortingTest" name="verifySortByPriceHighToLow" time="3.843"/>
</testsuite> <!-- tests.SortingTest -->
