<?xml version="1.0" encoding="UTF-8"?>
<!-- Generated by org.testng.reporters.JUnitReportReporter -->
<testsuite hostname="Hp" failures="0" tests="4" name="testcases.SortingTest" time="20.708" errors="0" timestamp="2025-09-06T16:49:04 IST" skipped="0">
  <testcase classname="testcases.SortingTest" name="verifySortByNameAscending" time="5.141"/>
  <testcase classname="testcases.SortingTest" name="verifySortByNameDescending" time="5.315"/>
  <testcase classname="testcases.SortingTest" name="verifySortByPriceHighToLow" time="5.107"/>
  <testcase classname="testcases.SortingTest" name="verifySortByPriceLowToHigh" time="5.145"/>
</testsuite> <!-- testcases.SortingTest -->
