<?xml version="1.0" encoding="UTF-8"?>
<!-- Generated by org.testng.reporters.JUnitReportReporter -->
<testsuite hostname="Hp" failures="0" tests="4" name="tests.SortingTest" time="23.238" errors="0" timestamp="2025-09-06T09:53:06 IST" skipped="0">
  <testcase classname="tests.SortingTest" name="verifySortByPriceHighToLow" time="5.839"/>
  <testcase classname="tests.SortingTest" name="verifySortByPriceLowToHigh" time="5.838"/>
  <testcase classname="tests.SortingTest" name="verifySortByNameAscending" time="5.760"/>
  <testcase classname="tests.SortingTest" name="verifySortByNameDescending" time="5.801"/>
</testsuite> <!-- tests.SortingTest -->
