<?xml version="1.0" encoding="UTF-8"?>
<!-- Generated by org.testng.reporters.JUnitReportReporter -->
<testsuite hostname="Hp" failures="0" tests="1" name="runners.TestRunner" time="0.059" errors="0" timestamp="2025-09-06T16:49:04 IST" skipped="0">
  <testcase classname="runners.TestRunner" name="runScenario" time="0.059"/>
</testsuite> <!-- runners.TestRunner -->
