<?xml version="1.0" encoding="UTF-8"?>
<!-- Generated by org.testng.reporters.JUnitReportReporter -->
<testsuite hostname="Hp" failures="0" tests="11" name="tests.LoginTest" time="31.913" errors="0" timestamp="2025-09-01T11:35:55 IST" skipped="0">
  <testcase classname="tests.LoginTest" name="testLogin" time="2.585"/>
  <testcase classname="tests.LoginTest" name="testLogin" time="7.260"/>
  <testcase classname="tests.LoginTest" name="testLogin" time="2.306"/>
  <testcase classname="tests.LoginTest" name="testLogin" time="2.288"/>
  <testcase classname="tests.LoginTest" name="testLogin" time="2.652"/>
  <testcase classname="tests.LoginTest" name="testLogin" time="2.588"/>
  <testcase classname="tests.LoginTest" name="testLogin" time="2.469"/>
  <testcase classname="tests.LoginTest" name="testLogin" time="2.535"/>
  <testcase classname="tests.LoginTest" name="testLogin" time="2.195"/>
  <testcase classname="tests.LoginTest" name="testLogin" time="2.513"/>
  <testcase classname="tests.LoginTest" name="testLogin" time="2.522"/>
</testsuite> <!-- tests.LoginTest -->
