<?xml version="1.0" encoding="UTF-8"?>
<!-- Generated by org.testng.reporters.JUnitReportReporter -->
<testsuite hostname="Hp" failures="0" tests="1" name="tests.MenuNavigationTest" time="4.177" errors="0" timestamp="2025-09-04T14:54:40 IST" skipped="0">
  <testcase classname="tests.MenuNavigationTest" name="verifyMenuButtonClickable" time="4.177"/>
</testsuite> <!-- tests.MenuNavigationTest -->
