<?xml version="1.0" encoding="UTF-8"?>
<!-- Generated by org.testng.reporters.JUnitReportReporter -->
<testsuite hostname="Hp" failures="0" tests="1" name="testcases.CartTest" time="11.965" errors="0" timestamp="2025-09-06T11:03:38 IST" skipped="0">
  <testcase classname="testcases.CartTest" name="testAddAndRemoveFromCart" time="11.965"/>
</testsuite> <!-- testcases.CartTest -->
