<?xml version="1.0" encoding="UTF-8"?>
<!-- Generated by org.testng.reporters.JUnitReportReporter -->
<testsuite hostname="Hp" failures="0" tests="1" name="testcases.MenuNavigationTest" time="4.515" errors="0" timestamp="2025-09-06T11:03:38 IST" skipped="0">
  <testcase classname="testcases.MenuNavigationTest" name="verifyMenuButtonClickable" time="4.515"/>
</testsuite> <!-- testcases.MenuNavigationTest -->
