<?xml version="1.0" encoding="UTF-8"?>
<!-- Generated by org.testng.reporters.JUnitReportReporter -->
<testsuite hostname="Hp" failures="0" tests="11" name="testcases.LoginTest" time="51.617" errors="0" timestamp="2025-09-06T11:03:38 IST" skipped="0">
  <testcase classname="testcases.LoginTest" name="testInvalidUsername" time="5.278"/>
  <testcase classname="testcases.LoginTest" name="testVisualUser" time="4.049"/>
  <testcase classname="testcases.LoginTest" name="testErrorUser" time="4.661"/>
  <testcase classname="testcases.LoginTest" name="testEmptyUsername" time="4.050"/>
  <testcase classname="testcases.LoginTest" name="testEmptyUsernameAndPassword" time="4.409"/>
  <testcase classname="testcases.LoginTest" name="testValidLogin" time="4.376"/>
  <testcase classname="testcases.LoginTest" name="testProblemUser" time="3.511"/>
  <testcase classname="testcases.LoginTest" name="testInvalidPassword" time="4.091"/>
  <testcase classname="testcases.LoginTest" name="testEmptyPassword" time="3.664"/>
  <testcase classname="testcases.LoginTest" name="testPerformanceGlitchUser" time="9.769"/>
  <testcase classname="testcases.LoginTest" name="testLockedOutUser" time="3.759"/>
</testsuite> <!-- testcases.LoginTest -->
