<?xml version="1.0" encoding="UTF-8"?>
<!-- Generated by org.testng.reporters.JUnitReportReporter -->
<testsuite hostname="Hp" failures="0" tests="2" name="testcases.MenuOptionsTest" time="16.038" errors="0" timestamp="2025-09-06T11:03:38 IST" skipped="0">
  <testcase classname="testcases.MenuOptionsTest" name="verifyResetAppState" time="5.184"/>
  <testcase classname="testcases.MenuOptionsTest" name="verifyAboutLink" time="10.854"/>
</testsuite> <!-- testcases.MenuOptionsTest -->
