<?xml version="1.0" encoding="UTF-8"?>
<!-- Generated by org.testng.reporters.JUnitReportReporter -->
<testsuite hostname="Hp" failures="0" tests="4" name="testcases.SortingTest" time="24.059" errors="0" timestamp="2025-09-06T11:03:38 IST" skipped="0">
  <testcase classname="testcases.SortingTest" name="verifySortByPriceHighToLow" time="5.993"/>
  <testcase classname="testcases.SortingTest" name="verifySortByNameAscending" time="5.888"/>
  <testcase classname="testcases.SortingTest" name="verifySortByPriceLowToHigh" time="6.172"/>
  <testcase classname="testcases.SortingTest" name="verifySortByNameDescending" time="6.006"/>
</testsuite> <!-- testcases.SortingTest -->
